
> docs-site@0.0.0 build
> docusaurus build

[INFO] [en] Creating an optimized production build...
[90m[[90mwebpackbar[90m][39m [36mℹ[39m Compiling Client
[90m[[90mwebpackbar[90m][39m [36mℹ[39m Compiling Server
[90m[[90mwebpackbar[90m][39m [32m✔[39m Server: Compiled successfully in 8.65s
[WARNING] Markdown link with URL `../README.md#headless-agent-emulation` in source file "../docs/onboarding.md" (362:95) couldn't be resolved.
Make sure it references a local Markdown file that exists within the current plugin.
[WARNING] Markdown link with URL `../README.md` in source file "../docs/onboarding.md" (1219:12) couldn't be resolved.
Make sure it references a local Markdown file that exists within the current plugin.
[90m[[90mwebpackbar[90m][39m [32m✔[39m Client: Compiled successfully in 34.59s

[ERROR] Error: Unable to build website for locale en.
    at tryToBuildLocale (C:\Users\otey2\Downloads\jumpstart-framework\jumpstart\docs_site\node_modules\@docusaurus\core\lib\commands\build\build.js:83:15)
    at async C:\Users\otey2\Downloads\jumpstart-framework\jumpstart\docs_site\node_modules\@docusaurus\core\lib\commands\build\build.js:35:9
    ... 4 lines matching cause stack trace ...
    at async file:///C:/Users/otey2/Downloads/jumpstart-framework/jumpstart/docs_site/node_modules/@docusaurus/core/bin/docusaurus.mjs:44:3 {
  [cause]: Error: Docusaurus found broken links!
  
  Please check the pages of your site in the list below, and make sure you don't reference any path that does not exist.
  Note: it's possible to ignore broken links with the 'onBrokenLinks' Docusaurus configuration, and let the build pass.
  
  It looks like some of the broken links we found appear in many pages of your site.
  Maybe those broken links appear on all pages through your site layout?
  We recommend that you check your theme configuration for such links (particularly, theme navbar and footer).
  Frequent broken links are linking to:
  - /docs/intro
  
  Exhaustive list of all broken links found:
  - Broken link on source page path = /404.html:
     -> linking to /docs/intro
  - Broken link on source page path = /agents:
     -> linking to /docs/intro
  - Broken link on source page path = /blog:
     -> linking to /docs/intro
  - Broken link on source page path = /blog/archive:
     -> linking to /docs/intro
  - Broken link on source page path = /blog/authors:
     -> linking to /docs/intro
  - Broken link on source page path = /blog/authors/all-sebastien-lorber-articles:
     -> linking to /docs/intro
  - Broken link on source page path = /blog/authors/yangshun:
     -> linking to /docs/intro
  - Broken link on source page path = /blog/first-blog-post:
     -> linking to /docs/intro
  - Broken link on source page path = /blog/long-blog-post:
     -> linking to /docs/intro
  - Broken link on source page path = /blog/mdx-blog-post:
     -> linking to /docs/intro
  - Broken link on source page path = /blog/tags:
     -> linking to /docs/intro
  - Broken link on source page path = /blog/tags/docusaurus:
     -> linking to /docs/intro
  - Broken link on source page path = /blog/tags/facebook:
     -> linking to /docs/intro
  - Broken link on source page path = /blog/tags/hello:
     -> linking to /docs/intro
  - Broken link on source page path = /blog/tags/hola:
     -> linking to /docs/intro
  - Broken link on source page path = /blog/welcome:
     -> linking to /docs/intro
  - Broken link on source page path = /markdown-page:
     -> linking to /docs/intro
  - Broken link on source page path = /docs/agent-access-reference:
     -> linking to /docs/intro
  - Broken link on source page path = /docs/how-jumpstart-works:
     -> linking to /docs/intro
  - Broken link on source page path = /docs/onboarding:
     -> linking to ../README.md#headless-agent-emulation (resolved as: /README.md#headless-agent-emulation)
     -> linking to ../README.md (resolved as: /README.md)
     -> linking to /docs/intro
  - Broken link on source page path = /docs/quickstart:
     -> linking to /docs/intro
  - Broken link on source page path = /:
     -> linking to /docs/intro
  
      at throwError (C:\Users\otey2\Downloads\jumpstart-framework\jumpstart\docs_site\node_modules\@docusaurus\logger\lib\logger.js:80:11)
      at reportBrokenLinks (C:\Users\otey2\Downloads\jumpstart-framework\jumpstart\docs_site\node_modules\@docusaurus\core\lib\server\brokenLinks.js:250:47)
      at handleBrokenLinks (C:\Users\otey2\Downloads\jumpstart-framework\jumpstart\docs_site\node_modules\@docusaurus\core\lib\server\brokenLinks.js:282:5)
      at executeBrokenLinksCheck (C:\Users\otey2\Downloads\jumpstart-framework\jumpstart\docs_site\node_modules\@docusaurus\core\lib\commands\build\buildLocale.js:119:47)
      at C:\Users\otey2\Downloads\jumpstart-framework\jumpstart\docs_site\node_modules\@docusaurus\core\lib\commands\build\buildLocale.js:94:67
      at Object.async (C[INFO] Docusaurus version: 3.9.2
Node version: v22.15.0
:\Users\otey2\Downloads\jumpstart-framework\jumpstart\docs_site\node_modules\@docusaurus\logger\lib\perfLogger.js:42:47)
      at buildLocale (C:\Users\otey2\Downloads\jumpstart-framework\jumpstart\docs_site\node_modules\@docusaurus\core\lib\commands\build\buildLocale.js:94:31)
      at async runBuildLocaleTask (C:\Users\otey2\Downloads\jumpstart-framework\jumpstart\docs_site\node_modules\@docusaurus\core\lib\commands\build\build.js:98:5)
      at async C:\Users\otey2\Downloads\jumpstart-framework\jumpstart\docs_site\node_modules\@docusaurus\core\lib\commands\build\build.js:79:13
      at async tryToBuildLocale (C:\Users\otey2\Downloads\jumpstart-framework\jumpstart\docs_site\node_modules\@docusaurus\core\lib\commands\build\build.js:75:9)
      at async C:\Users\otey2\Downloads\jumpstart-framework\jumpstart\docs_site\node_modules\@docusaurus\core\lib\commands\build\build.js:35:9
      at async mapAsyncSequential (C:\Users\otey2\Downloads\jumpstart-framework\jumpstart\docs_site\node_modules\@docusaurus\utils\lib\jsUtils.js:21:24)
      at async Command.build (C:\Users\otey2\Downloads\jumpstart-framework\jumpstart\docs_site\node_modules\@docusaurus\core\lib\commands\build\build.js:34:5)
      at async Promise.all (index 0)
      at async runCLI (C:\Users\otey2\Downloads\jumpstart-framework\jumpstart\docs_site\node_modules\@docusaurus\core\lib\commands\cli.js:56:5)
      at async file:///C:/Users/otey2/Downloads/jumpstart-framework/jumpstart/docs_site/node_modules/@docusaurus/core/bin/docusaurus.mjs:44:3
}
